<?xml version="1.0" encoding="UTF-8" standalone="no"?><testsuite errors="0" failures="1" name="Verificacion de opciones de equipaje en cabina y bodega" skipped="0" tests="1" time="10.44" timestamp="2024-11-17 10:35:22"><testcase name="Verificar opciones de equipaje en cabina"><failure message="&#10;Expected: an element that is visible&#10;     but: no matching element found by [Titulo de bolso pequeno located with: /html/body/div[1]/div/form/div/div[2]/div/div[2]/div[2]/div[1]/div/div[1]/div/h3]" type="java.lang.AssertionError">
Expected: an element that is visible
     but: no matching element found by [Titulo de bolso pequeno located with: /html/body/div[1]/div/form/div/div[2]/div/div[2]/div[2]/div[1]/div/div[1]/div/h3]</failure><system-err>
Expected: an element that is visible
     but: no matching element found by [Titulo de bolso pequeno located with: /html/body/div[1]/div/form/div/div[2]/div/div[2]/div[2]/div[1]/div/div[1]/div/h3]&#13;
co.com.fabricaescuela.calidad.modulogestionequipaje.tasks.ViewCabinLuggage.performAs(ViewCabinLuggage.java:15)&#13;
co.com.fabricaescuela.calidad.modulogestionequipaje.stepdefinitions.CabinLuggageStepDefinition.elUsuarioVisualizaLasOpcionesDeEquipajeEnCabina(CabinLuggageStepDefinition.java:27)&#13;
worker.org.gradle.process.internal.worker.GradleWorkerMain.run(GradleWorkerMain.java:69)&#13;
worker.org.gradle.process.internal.worker.GradleWorkerMain.main(GradleWorkerMain.java:74)&#13;
</system-err></testcase></testsuite>