<?xml version="1.0" encoding="UTF-8" standalone="no"?><testsuite errors="0" failures="1" name="Gestión de equipaje y visualización de costos" skipped="0" tests="1" time="1.11" timestamp="2024-11-18 07:43:18"><testcase name="Verificar cálculo y visualización de costos"><failure message="&#10;Expected: &lt;true&gt;&#10;     but: was &lt;false&gt;" type="java.lang.AssertionError">
Expected: &lt;true&gt;
     but: was &lt;false&gt;</failure><system-err>
Expected: &lt;true&gt;
     but: was &lt;false&gt;&#13;
co.com.fabricaescuela.calidad.modulogestionequipaje.stepdefinitions.CostCalculationStepDefinition.losMontosDebenMostrarseConDecimalesSeparadosPorComa(CostCalculationStepDefinition.java:53)&#13;
worker.org.gradle.process.internal.worker.GradleWorkerMain.run(GradleWorkerMain.java:69)&#13;
worker.org.gradle.process.internal.worker.GradleWorkerMain.main(GradleWorkerMain.java:74)&#13;
</system-err></testcase></testsuite>