<?xml version="1.0" encoding="UTF-8" standalone="no"?><testsuite errors="0" failures="1" name="Gestión de equipaje y visualización de costos" skipped="0" tests="1" time="1.21" timestamp="2024-11-18 01:15:44"><testcase name="Verificar cálculo y visualización de costos"><failure message="&#10;Expected: &quot;COP 249.500,00&quot;&#10;     but: was &quot;COP 249,500.00&quot;" type="java.lang.AssertionError">
Expected: "COP 249.500,00"
     but: was "COP 249,500.00"</failure><system-err>
Expected: "COP 249.500,00"
     but: was "COP 249,500.00"&#13;
co.com.fabricaescuela.calidad.modulogestionequipaje.stepdefinitions.CostCalculationStepDefinition.debeVerElCostoActualizadoInmediatamente(CostCalculationStepDefinition.java:24)&#13;
worker.org.gradle.process.internal.worker.GradleWorkerMain.run(GradleWorkerMain.java:69)&#13;
worker.org.gradle.process.internal.worker.GradleWorkerMain.main(GradleWorkerMain.java:74)&#13;
</system-err></testcase></testsuite>